<?xml version="1.0" encoding="UTF-8"?>
<!-- Generated by org.testng.reporters.JUnitReportReporter -->
<testsuite skipped="0" hostname="kalyan" name="parallelTest.CrossBrowserScript" tests="2" failures="0" timestamp="30 Nov 2016 02:27:03 GMT" time="36.814" errors="0">
  <testcase name="testParameterWithXML" time="16.769" classname="parallelTest.CrossBrowserScript"/>
  <testcase name="testParameterWithXML" time="20.045" classname="parallelTest.CrossBrowserScript"/>
</testsuite> <!-- parallelTest.CrossBrowserScript -->
